<?xml version="1.0" encoding="UTF-8"?>
  <testsuite name="ClusterLoaderV2" tests="0" failures="0" errors="0" time="2006.609">
      <testcase name="test-deployment overall (testing/load/large-config-pod.yaml)" classname="ClusterLoaderV2" time="2006.603984322"></testcase>
      <testcase name="test-deployment: [step: 01] Log - nodes=500, totalPods=15000, deploymentQPS=0.06666666666666667, churn=25, serviceSize=1, newDeploymentSize=11250 [00] - Dummy" classname="ClusterLoaderV2" time="1.280748228"></testcase>
      <testcase name="test-deployment: [step: 02] start measurements [00] - WaitForRunningLatencyDeployments" classname="ClusterLoaderV2" time="1.480940292"></testcase>
      <testcase name="test-deployment: [step: 02] start measurements [01] - SchedulingThroughput" classname="ClusterLoaderV2" time="1.230159943"></testcase>
      <testcase name="test-deployment: [step: 03] Creating k8s services" classname="ClusterLoaderV2" time="0.302842481"></testcase>
      <testcase name="test-deployment: [step: 04] Creating Deployments" classname="ClusterLoaderV2" time="15.00265897"></testcase>
      <testcase name="test-deployment: [step: 05] Waiting for latency pods to be running [00] - WaitForRunningLatencyDeployments" classname="ClusterLoaderV2" time="608.915099445"></testcase>
      <testcase name="test-deployment: [step: 06] Log - nodes=500, totalPods=15000, deploymentQPS=1000, churn=25, serviceSize=1, newDeploymentSize=11250 [00] - Dummy" classname="ClusterLoaderV2" time="181.349613609"></testcase>
      <testcase name="test-deployment: [step: 07] Deleting pods" classname="ClusterLoaderV2" time="15.002117386"></testcase>
      <testcase name="test-deployment: [step: 08] Waiting for latency pods to be running [00] - WaitForRunningLatencyDeployments" classname="ClusterLoaderV2" time="42.173838323"></testcase>
      <testcase name="test-deployment: [step: 09] Log - nodes=500, totalPods=15000, deploymentQPS=1000, churn=25, serviceSize=1, newDeploymentSize=11250 [00] - Dummy" classname="ClusterLoaderV2" time="1.072356844"></testcase>
      <testcase name="test-deployment: [step: 10] Re-create pods" classname="ClusterLoaderV2" time="15.002872019"></testcase>
      <testcase name="test-deployment: [step: 11] Waiting for latency pods to be running [00] - WaitForRunningLatencyDeployments" classname="ClusterLoaderV2" time="223.881638678"></testcase>
      <testcase name="test-deployment: [step: 12] Sleep 15m - nodes=500, totalPods=15000,deploymentQPS=1000, churn=25, serviceSize=1, deleteDeploymentSize=3750 [00] - Wait" classname="ClusterLoaderV2" time="900.358824716"></testcase>
      <testcase name="test-deployment: [step: 13] Collecting saturation pod measurements [00] - SchedulingThroughput" classname="ClusterLoaderV2" time="0.313296988"></testcase>
  </testsuite>