<?xml version="1.0" encoding="UTF-8"?>
  <testsuite name="ClusterLoaderV2" tests="0" failures="0" errors="0" time="496.034">
      <testcase name="deployment-churn overall (testing/load/large-config.yaml)" classname="ClusterLoaderV2" time="496.032629942"></testcase>
      <testcase name="deployment-churn: [step: 01] Log - nodes=200, namespaces=1, nodesPerNamespace=100, podsPerNode=50, totalPods=5000, podsPerNamespace=5000, serviceSize=1000, deploymentsPerNamespace=5, deploymentSize=1000, deploymentQPS=0.1 [00] - Dummy" classname="ClusterLoaderV2" time="0.001176617"></testcase>
      <testcase name="deployment-churn: [step: 02] start measurements [00] - PodStartupLatency" classname="ClusterLoaderV2" time="0.400940241"></testcase>
      <testcase name="deployment-churn: [step: 02] start measurements [01] - WaitForRunningLatencyDeployments" classname="ClusterLoaderV2" time="1.001168869"></testcase>
      <testcase name="deployment-churn: [step: 02] start measurements [02] - SchedulingThroughput" classname="ClusterLoaderV2" time="0.650448442"></testcase>
      <testcase name="deployment-churn: [step: 02] start measurements [03] - APIResponsivenessPrometheusSimple" classname="ClusterLoaderV2" time="2.118e-05"></testcase>
      <testcase name="deployment-churn: [step: 03] Creating Deployments" classname="ClusterLoaderV2" time="50.003213685"></testcase>
      <testcase name="deployment-churn: [step: 04] Creating k8s services" classname="ClusterLoaderV2" time="97.22577615"></testcase>
      <testcase name="deployment-churn: [step: 05] Waiting for latency pods to be running [00] - WaitForRunningLatencyDeployments" classname="ClusterLoaderV2" time="5.16371136"></testcase>
      <testcase name="deployment-churn: [step: 06] Deleting Deployments" classname="ClusterLoaderV2" time="50.003595527"></testcase>
      <testcase name="deployment-churn: [step: 07] Deleting k8s services" classname="ClusterLoaderV2" time="99.879746536"></testcase>
      <testcase name="deployment-churn: [step: 08] Waiting for latency pods to be deleted [00] - WaitForRunningLatencyDeployments" classname="ClusterLoaderV2" time="5.085120794"></testcase>
      <testcase name="deployment-churn: [step: 09] Collecting measurements [00] - PodStartupLatency" classname="ClusterLoaderV2" time="2.178214704"></testcase>
      <testcase name="deployment-churn: [step: 09] Collecting measurements [01] - SchedulingThroughput" classname="ClusterLoaderV2" time="0.000686709"></testcase>
      <testcase name="deployment-churn: [step: 09] Collecting measurements [02] - APIResponsivenessPrometheusSimple" classname="ClusterLoaderV2" time="0.000161866"></testcase>
  </testsuite>